Base path: D:/Program Files (x86)/Unity/Editor/Data
Pipe name: \\.\pipe\UnityShaderCompiler-2-1044
Cmd: getPlatforms
Cmd: compileSnippet
  api=4 type=0 insize=2009 outsize=1697 kw= ok=1
Cmd: compileSnippet
  api=8 type=0 insize=2009 outsize=2430 kw= ok=1
Cmd: compileSnippet
  api=4 type=1 insize=2009 outsize=1794 kw= ok=1
Cmd: compileSnippet
  api=4 type=0 insize=2376 outsize=2078 kw= ok=1
Cmd: compileSnippet
  api=8 type=0 insize=2376 outsize=2958 kw= ok=1
Cmd: compileSnippet
  api=4 type=1 insize=2376 outsize=2135 kw= ok=1
Cmd: compileSnippet
  api=4 type=0 insize=1480 outsize=1388 kw= ok=1
Cmd: compileSnippet
  api=8 type=0 insize=1480 outsize=1950 kw= ok=1
Cmd: compileSnippet
  api=4 type=1 insize=1480 outsize=1615 kw= ok=1
Cmd: compileSnippet
  api=0 type=0 insize=1133 outsize=360 kw= ok=1
Cmd: compileSnippet
  api=0 type=1 insize=1133 outsize=489 kw= ok=1
Unhandled exception: Readfile from pipe failed. GLE=管道已结束。


Quitting shader compiler process
